[2021-02-21 20:50:21.519] [exthost] [info] extension host started
[2021-02-21 20:50:21.569] [exthost] [info] ExtensionService#_doActivateExtension vscode.microsoft-authentication {"startup":false,"extensionId":{"value":"vscode.microsoft-authentication","_lower":"vscode.microsoft-authentication"},"activationEvent":"onAuthenticationRequest:microsoft"}
[2021-02-21 20:50:21.569] [exthost] [info] ExtensionService#loadCommonJSModule file:///var/lib/snapd/snap/code/55/usr/share/code/resources/app/extensions/microsoft-authentication/dist/extension.js
[2021-02-21 20:50:21.590] [exthost] [info] ExtensionService#_doActivateExtension vscode.debug-auto-launch {"startup":true,"extensionId":{"value":"vscode.debug-auto-launch","_lower":"vscode.debug-auto-launch"},"activationEvent":"*"}
[2021-02-21 20:50:21.591] [exthost] [info] ExtensionService#loadCommonJSModule file:///var/lib/snapd/snap/code/55/usr/share/code/resources/app/extensions/debug-auto-launch/dist/extension
[2021-02-21 20:50:21.595] [exthost] [info] ExtensionService#_doActivateExtension vscode.git {"startup":true,"extensionId":{"value":"vscode.github","_lower":"vscode.github"},"activationEvent":"*"}
[2021-02-21 20:50:21.595] [exthost] [info] ExtensionService#loadCommonJSModule file:///var/lib/snapd/snap/code/55/usr/share/code/resources/app/extensions/git/dist/main
[2021-02-21 20:50:21.717] [exthost] [info] ExtensionService#_doActivateExtension vscode.github {"startup":true,"extensionId":{"value":"vscode.github","_lower":"vscode.github"},"activationEvent":"*"}
[2021-02-21 20:50:21.717] [exthost] [info] ExtensionService#loadCommonJSModule file:///var/lib/snapd/snap/code/55/usr/share/code/resources/app/extensions/github/dist/extension.js
[2021-02-21 20:50:21.759] [exthost] [info] ExtensionService#_doActivateExtension ms-vscode.js-debug {"startup":false,"extensionId":{"value":"ms-vscode.js-debug","_lower":"ms-vscode.js-debug"},"activationEvent":"onCommand:extension.js-debug.clearAutoAttachVariables"}
[2021-02-21 20:50:21.759] [exthost] [info] ExtensionService#loadCommonJSModule file:///var/lib/snapd/snap/code/55/usr/share/code/resources/app/extensions/ms-vscode.js-debug/src/extension.js
[2021-02-21 20:50:21.965] [exthost] [info] eager extensions activated
[2021-02-21 20:50:21.983] [exthost] [info] ExtensionService#_doActivateExtension vscode.emmet {"startup":false,"extensionId":{"value":"vscode.emmet","_lower":"vscode.emmet"},"activationEvent":"onStartupFinished"}
[2021-02-21 20:50:21.983] [exthost] [info] ExtensionService#loadCommonJSModule file:///var/lib/snapd/snap/code/55/usr/share/code/resources/app/extensions/emmet/dist/node/emmetNodeMain
[2021-02-21 20:50:21.999] [exthost] [info] ExtensionService#_doActivateExtension vscode.merge-conflict {"startup":false,"extensionId":{"value":"vscode.merge-conflict","_lower":"vscode.merge-conflict"},"activationEvent":"onStartupFinished"}
[2021-02-21 20:50:21.999] [exthost] [info] ExtensionService#loadCommonJSModule file:///var/lib/snapd/snap/code/55/usr/share/code/resources/app/extensions/merge-conflict/dist/mergeConflictMain
[2021-02-21 20:50:22.004] [exthost] [info] ExtensionService#_doActivateExtension vscode.testing-editor-contributions {"startup":false,"extensionId":{"value":"vscode.testing-editor-contributions","_lower":"vscode.testing-editor-contributions"},"activationEvent":"onStartupFinished"}
[2021-02-21 20:50:22.004] [exthost] [info] ExtensionService#loadCommonJSModule file:///var/lib/snapd/snap/code/55/usr/share/code/resources/app/extensions/testing-editor-contributions/dist/extension.js
[2021-02-21 20:50:22.031] [exthost] [info] ExtensionService#_doActivateExtension vscode.github-authentication {"startup":false,"extensionId":{"value":"vscode.github-authentication","_lower":"vscode.github-authentication"},"activationEvent":"onAuthenticationRequest:github"}
[2021-02-21 20:50:22.031] [exthost] [info] ExtensionService#loadCommonJSModule file:///var/lib/snapd/snap/code/55/usr/share/code/resources/app/extensions/github-authentication/dist/extension.js
[2021-02-21 20:50:23.666] [exthost] [info] extension host terminating: received terminate message from renderer
[2021-02-21 20:50:24.686] [exthost] [info] exiting with code 0
